Flow report for 7_seg_dec
Tue Jul 27 21:28:11 2021
Quartus II 64-Bit Version 13.0.1 Build 232 06/12/2013 Service Pack 1 SJ Web Edition


---------------------
; Table of Contents ;
---------------------
  1. Legal Notice
  2. Flow Summary
  3. Flow Settings
  4. Flow Non-Default Global Settings
  5. Flow Elapsed Time
  6. Flow OS Summary
  7. Flow Log
  8. Flow Messages
  9. Flow Suppressed Messages



----------------
; Legal Notice ;
----------------
Copyright (C) 1991-2013 Altera Corporation
Your use of Altera Corporation's design tools, logic functions 
and other software and tools, and its AMPP partner logic 
functions, and any output files from any of the foregoing 
(including device programming or simulation files), and any 
associated documentation or information are expressly subject 
to the terms and conditions of the Altera Program License 
Subscription Agreement, Altera MegaCore Function License 
Agreement, or other applicable license agreement, including, 
without limitation, that your use is for the sole purpose of 
programming logic devices manufactured by Altera and sold by 
Altera or its authorized distributors.  Please refer to the 
applicable agreement for further details.



+--------------------------------------------------------------------------------------+
; Flow Summary                                                                         ;
+------------------------------------+-------------------------------------------------+
; Flow Status                        ; Successful - Tue Jul 27 21:28:11 2021           ;
; Quartus II 64-Bit Version          ; 13.0.1 Build 232 06/12/2013 SP 1 SJ Web Edition ;
; Revision Name                      ; 7_seg_dec                                       ;
; Top-level Entity Name              ; sev_seg_dec                                     ;
; Family                             ; Cyclone II                                      ;
; Device                             ; EP2C70F896C6                                    ;
; Timing Models                      ; Final                                           ;
; Total logic elements               ; 3 / 68,416 ( < 1 % )                            ;
;     Total combinational functions  ; 3 / 68,416 ( < 1 % )                            ;
;     Dedicated logic registers      ; 0 / 68,416 ( 0 % )                              ;
; Total registers                    ; 0                                               ;
; Total pins                         ; 10 / 622 ( 2 % )                                ;
; Total virtual pins                 ; 0                                               ;
; Total memory bits                  ; 0 / 1,152,000 ( 0 % )                           ;
; Embedded Multiplier 9-bit elements ; 0 / 300 ( 0 % )                                 ;
; Total PLLs                         ; 0 / 4 ( 0 % )                                   ;
+------------------------------------+-------------------------------------------------+


+-----------------------------------------+
; Flow Settings                           ;
+-------------------+---------------------+
; Option            ; Setting             ;
+-------------------+---------------------+
; Start date & time ; 07/20/2021 07:37:12 ;
; Main task         ; Compilation         ;
; Revision Name     ; 7_seg_dec           ;
+-------------------+---------------------+


+------------------------------------------------------------------------------------------------------------------------+
; Flow Non-Default Global Settings                                                                                       ;
+-------------------------------------+---------------------------------------+---------------+-------------+------------+
; Assignment Name                     ; Value                                 ; Default Value ; Entity Name ; Section Id ;
+-------------------------------------+---------------------------------------+---------------+-------------+------------+
; COMPILER_SIGNATURE_ID               ; 345052807169.162674683101676          ; --            ; --          ; --         ;
; MAX_CORE_JUNCTION_TEMP              ; 85                                    ; --            ; --          ; --         ;
; MIN_CORE_JUNCTION_TEMP              ; 0                                     ; --            ; --          ; --         ;
; PARTITION_COLOR                     ; 16764057                              ; --            ; sev_seg_dec ; Top        ;
; PARTITION_FITTER_PRESERVATION_LEVEL ; PLACEMENT_AND_ROUTING                 ; --            ; sev_seg_dec ; Top        ;
; PARTITION_NETLIST_TYPE              ; SOURCE                                ; --            ; sev_seg_dec ; Top        ;
; POWER_BOARD_THERMAL_MODEL           ; None (CONSERVATIVE)                   ; --            ; --          ; --         ;
; POWER_PRESET_COOLING_SOLUTION       ; 23 MM HEAT SINK WITH 200 LFPM AIRFLOW ; --            ; --          ; --         ;
; PROJECT_OUTPUT_DIRECTORY            ; output_files                          ; --            ; --          ; --         ;
; TOP_LEVEL_ENTITY                    ; sev_seg_dec                           ; 7_seg_dec     ; --          ; --         ;
+-------------------------------------+---------------------------------------+---------------+-------------+------------+


+-------------------------------------------------------------------------------------------------------------------------------+
; Flow Elapsed Time                                                                                                             ;
+---------------------------+--------------+-------------------------+---------------------+------------------------------------+
; Module Name               ; Elapsed Time ; Average Processors Used ; Peak Virtual Memory ; Total CPU Time (on all processors) ;
+---------------------------+--------------+-------------------------+---------------------+------------------------------------+
; Analysis & Synthesis      ; 00:00:02     ; 1.0                     ; 4643 MB             ; 00:00:02                           ;
; Fitter                    ; 00:00:15     ; 1.0                     ; 4974 MB             ; 00:00:12                           ;
; Assembler                 ; 00:00:06     ; 1.0                     ; 4578 MB             ; 00:00:05                           ;
; TimeQuest Timing Analyzer ; 00:00:02     ; 1.0                     ; 4542 MB             ; 00:00:01                           ;
; EDA Netlist Writer        ; 00:00:01     ; 1.0                     ; 4515 MB             ; 00:00:01                           ;
; EDA Netlist Writer        ; 00:00:02     ; 1.0                     ; 4522 MB             ; 00:00:01                           ;
; EDA Netlist Writer        ; 00:00:00     ; 1.0                     ; 4515 MB             ; 00:00:00                           ;
; EDA Netlist Writer        ; 00:00:00     ; 1.0                     ; 4522 MB             ; 00:00:00                           ;
; EDA Netlist Writer        ; 00:00:01     ; 1.0                     ; 4515 MB             ; 00:00:00                           ;
; EDA Netlist Writer        ; 00:00:00     ; 1.0                     ; 4522 MB             ; 00:00:00                           ;
; Total                     ; 00:00:29     ; --                      ; --                  ; 00:00:22                           ;
+---------------------------+--------------+-------------------------+---------------------+------------------------------------+


+----------------------------------------------------------------------------------------+
; Flow OS Summary                                                                        ;
+---------------------------+------------------+-----------+------------+----------------+
; Module Name               ; Machine Hostname ; OS Name   ; OS Version ; Processor type ;
+---------------------------+------------------+-----------+------------+----------------+
; Analysis & Synthesis      ; DESKTOP-KQURV5F  ; Windows 7 ; 6.2        ; x86_64         ;
; Fitter                    ; DESKTOP-KQURV5F  ; Windows 7 ; 6.2        ; x86_64         ;
; Assembler                 ; DESKTOP-KQURV5F  ; Windows 7 ; 6.2        ; x86_64         ;
; TimeQuest Timing Analyzer ; DESKTOP-KQURV5F  ; Windows 7 ; 6.2        ; x86_64         ;
; EDA Netlist Writer        ; DESKTOP-KQURV5F  ; Windows 7 ; 6.2        ; x86_64         ;
; EDA Netlist Writer        ; DESKTOP-KQURV5F  ; Windows 7 ; 6.2        ; x86_64         ;
; EDA Netlist Writer        ; DESKTOP-KQURV5F  ; Windows 7 ; 6.2        ; x86_64         ;
; EDA Netlist Writer        ; DESKTOP-KQURV5F  ; Windows 7 ; 6.2        ; x86_64         ;
; EDA Netlist Writer        ; DESKTOP-KQURV5F  ; Windows 7 ; 6.2        ; x86_64         ;
; EDA Netlist Writer        ; DESKTOP-KQURV5F  ; Windows 7 ; 6.2        ; x86_64         ;
+---------------------------+------------------+-----------+------------+----------------+


------------
; Flow Log ;
------------
quartus_map --read_settings_files=on --write_settings_files=off 7_seg_dec -c 7_seg_dec
quartus_fit --read_settings_files=off --write_settings_files=off 7_seg_dec -c 7_seg_dec
quartus_asm --read_settings_files=off --write_settings_files=off 7_seg_dec -c 7_seg_dec
quartus_sta 7_seg_dec -c 7_seg_dec
quartus_eda --gen_testbench --check_outputs=on --tool=modelsim_oem --format=verilog 7_seg_dec -c 7_seg_dec --vector_source="D:/SLIIT/Year 03/Semester 02/ADD/Labs/Quartus II/Lab 02/Part 4/Waveform.vwf" --testbench_file=./simulation/qsim/7_seg_dec.vt
quartus_eda --functional=on --simulation=on --tool=modelsim_oem --format=verilog 7_seg_dec -c 7_seg_dec
quartus_eda --gen_testbench --check_outputs=on --tool=modelsim_oem --format=verilog 7_seg_dec -c 7_seg_dec --vector_source="D:/SLIIT/Year 03/Semester 02/ADD/Labs/Quartus II/Lab 02/Part 4/Waveform.vwf" --testbench_file=./simulation/qsim/7_seg_dec.vt
quartus_eda --functional=on --simulation=on --tool=modelsim_oem --format=verilog 7_seg_dec -c 7_seg_dec
quartus_eda --gen_testbench --check_outputs=on --tool=modelsim_oem --format=verilog 7_seg_dec -c 7_seg_dec --vector_source="D:/SLIIT/Year 03/Semester 02/ADD/Labs/Quartus II/Lab 02/Part 4/Waveform.vwf" --testbench_file=./simulation/qsim/7_seg_dec.vt
quartus_eda --functional=on --simulation=on --tool=modelsim_oem --format=verilog 7_seg_dec -c 7_seg_dec



